# JRE version: Java(TM) SE Runtime Environment (8.0_20-b26) (build 1.8.0_20-b26)
# Java VM: Java HotSpot(TM) 64-Bit Server VM (25.20-b23 mixed mode windows-amd64 compressed oops)
Heap:
 PSYoungGen      total 108544K, used 63843K [0x00000000eab00000, 0x00000000f2c80000, 0x0000000100000000)
  eden space 97792K, 54% used [0x00000000eab00000,0x00000000ededec70,0x00000000f0a80000)
  from space 10752K, 99% used [0x00000000f0a80000,0x00000000f14fa040,0x00000000f1500000)
  to   space 12800K, 0% used [0x00000000f2000000,0x00000000f2000000,0x00000000f2c80000)
 ParOldGen       total 63488K, used 42362K [0x00000000c0000000, 0x00000000c3e00000, 0x00000000eab00000)
  object space 63488K, 66% used [0x00000000c0000000,0x00000000c295ebc0,0x00000000c3e00000)
 Metaspace       used 47753K, capacity 50610K, committed 50816K, reserved 1091584K
  class space    used 6660K, capacity 7710K, committed 7808K, reserved 1048576K
GC Heap History (10 events):
Event: 112.073 GC heap before
{Heap before GC invocations=26 (full 3):
 PSYoungGen      total 90112K, used 81592K [0x00000000eab00000, 0x00000000f1300000, 0x0000000100000000)
  eden space 78848K, 100% used [0x00000000eab00000,0x00000000ef800000,0x00000000ef800000)
  from space 11264K, 24% used [0x00000000f0280000,0x00000000f052e368,0x00000000f0d80000)
  to   space 10752K, 0% used [0x00000000ef800000,0x00000000ef800000,0x00000000f0280000)
 ParOldGen       total 63488K, used 41671K [0x00000000c0000000, 0x00000000c3e00000, 0x00000000eab00000)
  object space 63488K, 65% used [0x00000000c0000000,0x00000000c28b1c40,0x00000000c3e00000)
 Metaspace       used 43354K, capacity 45358K, committed 45568K, reserved 1087488K
  class space    used 6085K, capacity 6831K, committed 6912K, reserved 1048576K
Event: 112.078 GC heap after
Heap after GC invocations=26 (full 3):
 PSYoungGen      total 89600K, used 1944K [0x00000000eab00000, 0x00000000f1700000, 0x0000000100000000)
  eden space 78848K, 0% used [0x00000000eab00000,0x00000000eab00000,0x00000000ef800000)
  from space 10752K, 18% used [0x00000000ef800000,0x00000000ef9e6100,0x00000000f0280000)
  to   space 10752K, 0% used [0x00000000f0c80000,0x00000000f0c80000,0x00000000f1700000)
 ParOldGen       total 63488K, used 41671K [0x00000000c0000000, 0x00000000c3e00000, 0x00000000eab00000)
  object space 63488K, 65% used [0x00000000c0000000,0x00000000c28b1c40,0x00000000c3e00000)
 Metaspace       used 43354K, capacity 45358K, committed 45568K, reserved 1087488K
  class space    used 6085K, capacity 6831K, committed 6912K, reserved 1048576K
}
Event: 112.563 GC heap before
{Heap before GC invocations=27 (full 3):
 PSYoungGen      total 89600K, used 80792K [0x00000000eab00000, 0x00000000f1700000, 0x0000000100000000)
  eden space 78848K, 100% used [0x00000000eab00000,0x00000000ef800000,0x00000000ef800000)
  from space 10752K, 18% used [0x00000000ef800000,0x00000000ef9e6100,0x00000000f0280000)
  to   space 10752K, 0% used [0x00000000f0c80000,0x00000000f0c80000,0x00000000f1700000)
 ParOldGen       total 63488K, used 41671K [0x00000000c0000000, 0x00000000c3e00000, 0x00000000eab00000)
  object space 63488K, 65% used [0x00000000c0000000,0x00000000c28b1c40,0x00000000c3e00000)
 Metaspace       used 43383K, capacity 45358K, committed 45568K, reserved 1087488K
  class space    used 6087K, capacity 6831K, committed 6912K, reserved 1048576K
Event: 112.566 GC heap after
Heap after GC invocations=27 (full 3):
 PSYoungGen      total 99840K, used 2408K [0x00000000eab00000, 0x00000000f1700000, 0x0000000100000000)
  eden space 89088K, 0% used [0x00000000eab00000,0x00000000eab00000,0x00000000f0200000)
  from space 10752K, 22% used [0x00000000f0c80000,0x00000000f0eda0f0,0x00000000f1700000)
  to   space 10752K, 0% used [0x00000000f0200000,0x00000000f0200000,0x00000000f0c80000)
 ParOldGen       total 63488K, used 41679K [0x00000000c0000000, 0x00000000c3e00000, 0x00000000eab00000)
  object space 63488K, 65% used [0x00000000c0000000,0x00000000c28b3c40,0x00000000c3e00000)
 Metaspace       used 43383K, capacity 45358K, committed 45568K, reserved 1087488K
  class space    used 6087K, capacity 6831K, committed 6912K, reserved 1048576K
}
Event: 113.384 GC heap before
{Heap before GC invocations=28 (full 3):
 PSYoungGen      total 99840K, used 91496K [0x00000000eab00000, 0x00000000f1700000, 0x0000000100000000)
  eden space 89088K, 100% used [0x00000000eab00000,0x00000000f0200000,0x00000000f0200000)
  from space 10752K, 22% used [0x00000000f0c80000,0x00000000f0eda0f0,0x00000000f1700000)
  to   space 10752K, 0% used [0x00000000f0200000,0x00000000f0200000,0x00000000f0c80000)
 ParOldGen       total 63488K, used 41679K [0x00000000c0000000, 0x00000000c3e00000, 0x00000000eab00000)
  object space 63488K, 65% used [0x00000000c0000000,0x00000000c28b3c40,0x00000000c3e00000)
 Metaspace       used 43385K, capacity 45358K, committed 45568K, reserved 1087488K
  class space    used 6087K, capacity 6831K, committed 6912K, reserved 1048576K
Event: 113.391 GC heap after
Heap after GC invocations=28 (full 3):
 PSYoungGen      total 99840K, used 2728K [0x00000000eab00000, 0x00000000f2180000, 0x0000000100000000)
  eden space 89088K, 0% used [0x00000000eab00000,0x00000000eab00000,0x00000000f0200000)
  from space 10752K, 25% used [0x00000000f0200000,0x00000000f04aa100,0x00000000f0c80000)
  to   space 10240K, 0% used [0x00000000f1780000,0x00000000f1780000,0x00000000f2180000)
 ParOldGen       total 63488K, used 41679K [0x00000000c0000000, 0x00000000c3e00000, 0x00000000eab00000)
  object space 63488K, 65% used [0x00000000c0000000,0x00000000c28b3c40,0x00000000c3e00000)
 Metaspace       used 43385K, capacity 45358K, committed 45568K, reserved 1087488K
  class space    used 6087K, capacity 6831K, committed 6912K, reserved 1048576K
}
Event: 115.527 GC heap before
{Heap before GC invocations=29 (full 3):
 PSYoungGen      total 99840K, used 91816K [0x00000000eab00000, 0x00000000f2180000, 0x0000000100000000)
  eden space 89088K, 100% used [0x00000000eab00000,0x00000000f0200000,0x00000000f0200000)
  from space 10752K, 25% used [0x00000000f0200000,0x00000000f04aa100,0x00000000f0c80000)
  to   space 10240K, 0% used [0x00000000f1780000,0x00000000f1780000,0x00000000f2180000)
 ParOldGen       total 63488K, used 41679K [0x00000000c0000000, 0x00000000c3e00000, 0x00000000eab00000)
  object space 63488K, 65% used [0x00000000c0000000,0x00000000c28b3c40,0x00000000c3e00000)
 Metaspace       used 44723K, capacity 46944K, committed 47232K, reserved 1089536K
  class space    used 6215K, capacity 7006K, committed 7040K, reserved 1048576K
Event: 115.546 GC heap after
Heap after GC invocations=29 (full 3):
 PSYoungGen      total 105984K, used 6391K [0x00000000eab00000, 0x00000000f1f80000, 0x0000000100000000)
  eden space 97792K, 0% used [0x00000000eab00000,0x00000000eab00000,0x00000000f0a80000)
  from space 8192K, 78% used [0x00000000f1780000,0x00000000f1dbddd0,0x00000000f1f80000)
  to   space 10752K, 0% used [0x00000000f0a80000,0x00000000f0a80000,0x00000000f1500000)
 ParOldGen       total 63488K, used 41687K [0x00000000c0000000, 0x00000000c3e00000, 0x00000000eab00000)
  object space 63488K, 65% used [0x00000000c0000000,0x00000000c28b5c40,0x00000000c3e00000)
 Metaspace       used 44723K, capacity 46944K, committed 47232K, reserved 1089536K
  class space    used 6215K, capacity 7006K, committed 7040K, reserved 1048576K
}
Event: 119.931 GC heap before
{Heap before GC invocations=30 (full 3):
 PSYoungGen      total 105984K, used 104183K [0x00000000eab00000, 0x00000000f1f80000, 0x0000000100000000)
  eden space 97792K, 100% used [0x00000000eab00000,0x00000000f0a80000,0x00000000f0a80000)
  from space 8192K, 78% used [0x00000000f1780000,0x00000000f1dbddd0,0x00000000f1f80000)
  to   space 10752K, 0% used [0x00000000f0a80000,0x00000000f0a80000,0x00000000f1500000)
 ParOldGen       total 63488K, used 41687K [0x00000000c0000000, 0x00000000c3e00000, 0x00000000eab00000)
  object space 63488K, 65% used [0x00000000c0000000,0x00000000c28b5c40,0x00000000c3e00000)
 Metaspace       used 46196K, capacity 48518K, committed 48768K, reserved 1091584K
  class space    used 6407K, capacity 7293K, committed 7296K, reserved 1048576K
Event: 119.959 GC heap after
Heap after GC invocations=30 (full 3):
 PSYoungGen      total 108544K, used 10728K [0x00000000eab00000, 0x00000000f2c80000, 0x0000000100000000)
  eden space 97792K, 0% used [0x00000000eab00000,0x00000000eab00000,0x00000000f0a80000)
  from space 10752K, 99% used [0x00000000f0a80000,0x00000000f14fa040,0x00000000f1500000)
  to   space 12800K, 0% used [0x00000000f2000000,0x00000000f2000000,0x00000000f2c80000)
 ParOldGen       total 63488K, used 42362K [0x00000000c0000000, 0x00000000c3e00000, 0x00000000eab00000)
  object space 63488K, 66% used [0x00000000c0000000,0x00000000c295ebc0,0x00000000c3e00000)
 Metaspace       used 46196K, capacity 48518K, committed 48768K, reserved 1091584K
  class space    used 6407K, capacity 7293K, committed 7296K, reserved 1048576K
}

