# JRE version: Java(TM) SE Runtime Environment (8.0_20-b26) (build 1.8.0_20-b26)
# Java VM: Java HotSpot(TM) 64-Bit Server VM (25.20-b23 mixed mode windows-amd64 compressed oops)
Heap:
 PSYoungGen      total 328192K, used 13676K [0x00000000eab00000, 0x0000000100000000, 0x0000000100000000)
  eden space 306176K, 4% used [0x00000000eab00000,0x00000000eb85b190,0x00000000fd600000)
  from space 22016K, 0% used [0x00000000fea80000,0x00000000fea80000,0x0000000100000000)
  to   space 20992K, 0% used [0x00000000fd600000,0x00000000fd600000,0x00000000fea80000)
 ParOldGen       total 90112K, used 51602K [0x00000000c0000000, 0x00000000c5800000, 0x00000000eab00000)
  object space 90112K, 57% used [0x00000000c0000000,0x00000000c3264868,0x00000000c5800000)
 Metaspace       used 46705K, capacity 49628K, committed 49664K, reserved 1091584K
  class space    used 6455K, capacity 7414K, committed 7424K, reserved 1048576K
GC Heap History (10 events):
Event: 29.984 GC heap before
{Heap before GC invocations=14 (full 2):
 PSYoungGen      total 234496K, used 11251K [0x00000000eab00000, 0x00000000fa580000, 0x0000000100000000)
  eden space 223232K, 0% used [0x00000000eab00000,0x00000000eab00000,0x00000000f8500000)
  from space 11264K, 99% used [0x00000000f9400000,0x00000000f9efcfd0,0x00000000f9f00000)
  to   space 15360K, 0% used [0x00000000f8500000,0x00000000f8500000,0x00000000f9400000)
 ParOldGen       total 34816K, used 20537K [0x00000000c0000000, 0x00000000c2200000, 0x00000000eab00000)
  object space 34816K, 58% used [0x00000000c0000000,0x00000000c140e778,0x00000000c2200000)
 Metaspace       used 34398K, capacity 35430K, committed 35496K, reserved 1079296K
  class space    used 4614K, capacity 5074K, committed 5120K, reserved 1048576K
Event: 30.226 GC heap after
Heap after GC invocations=14 (full 2):
 PSYoungGen      total 234496K, used 0K [0x00000000eab00000, 0x00000000fa580000, 0x0000000100000000)
  eden space 223232K, 0% used [0x00000000eab00000,0x00000000eab00000,0x00000000f8500000)
  from space 11264K, 0% used [0x00000000f9400000,0x00000000f9400000,0x00000000f9f00000)
  to   space 15360K, 0% used [0x00000000f8500000,0x00000000f8500000,0x00000000f9400000)
 ParOldGen       total 51712K, used 25278K [0x00000000c0000000, 0x00000000c3280000, 0x00000000eab00000)
  object space 51712K, 48% used [0x00000000c0000000,0x00000000c18af9c0,0x00000000c3280000)
 Metaspace       used 34364K, capacity 35316K, committed 35496K, reserved 1079296K
  class space    used 4608K, capacity 5040K, committed 5120K, reserved 1048576K
}
Event: 37.302 GC heap before
{Heap before GC invocations=15 (full 2):
 PSYoungGen      total 234496K, used 223232K [0x00000000eab00000, 0x00000000fa580000, 0x0000000100000000)
  eden space 223232K, 100% used [0x00000000eab00000,0x00000000f8500000,0x00000000f8500000)
  from space 11264K, 0% used [0x00000000f9400000,0x00000000f9400000,0x00000000f9f00000)
  to   space 15360K, 0% used [0x00000000f8500000,0x00000000f8500000,0x00000000f9400000)
 ParOldGen       total 51712K, used 25278K [0x00000000c0000000, 0x00000000c3280000, 0x00000000eab00000)
  object space 51712K, 48% used [0x00000000c0000000,0x00000000c18af9c0,0x00000000c3280000)
 Metaspace       used 41420K, capacity 42936K, committed 43264K, reserved 1085440K
  class space    used 5696K, capacity 6296K, committed 6400K, reserved 1048576K
Event: 37.353 GC heap after
Heap after GC invocations=15 (full 2):
 PSYoungGen      total 238592K, used 15359K [0x00000000eab00000, 0x0000000100000000, 0x0000000100000000)
  eden space 223232K, 0% used [0x00000000eab00000,0x00000000eab00000,0x00000000f8500000)
  from space 15360K, 99% used [0x00000000f8500000,0x00000000f93fff50,0x00000000f9400000)
  to   space 22016K, 0% used [0x00000000fea80000,0x00000000fea80000,0x0000000100000000)
 ParOldGen       total 51712K, used 36079K [0x00000000c0000000, 0x00000000c3280000, 0x00000000eab00000)
  object space 51712K, 69% used [0x00000000c0000000,0x00000000c233be58,0x00000000c3280000)
 Metaspace       used 41420K, capacity 42936K, committed 43264K, reserved 1085440K
  class space    used 5696K, capacity 6296K, committed 6400K, reserved 1048576K
}
Event: 39.076 GC heap before
{Heap before GC invocations=16 (full 2):
 PSYoungGen      total 238592K, used 80089K [0x00000000eab00000, 0x0000000100000000, 0x0000000100000000)
  eden space 223232K, 28% used [0x00000000eab00000,0x00000000eea36748,0x00000000f8500000)
  from space 15360K, 99% used [0x00000000f8500000,0x00000000f93fff50,0x00000000f9400000)
  to   space 22016K, 0% used [0x00000000fea80000,0x00000000fea80000,0x0000000100000000)
 ParOldGen       total 51712K, used 36079K [0x00000000c0000000, 0x00000000c3280000, 0x00000000eab00000)
  object space 51712K, 69% used [0x00000000c0000000,0x00000000c233be58,0x00000000c3280000)
 Metaspace       used 43502K, capacity 45488K, committed 45696K, reserved 1087488K
  class space    used 6030K, capacity 6767K, committed 6784K, reserved 1048576K
Event: 39.147 GC heap after
Heap after GC invocations=16 (full 2):
 PSYoungGen      total 328192K, used 5422K [0x00000000eab00000, 0x0000000100000000, 0x0000000100000000)
  eden space 306176K, 0% used [0x00000000eab00000,0x00000000eab00000,0x00000000fd600000)
  from space 22016K, 24% used [0x00000000fea80000,0x00000000fefcbad0,0x0000000100000000)
  to   space 20992K, 0% used [0x00000000fd600000,0x00000000fd600000,0x00000000fea80000)
 ParOldGen       total 51712K, used 51380K [0x00000000c0000000, 0x00000000c3280000, 0x00000000eab00000)
  object space 51712K, 99% used [0x00000000c0000000,0x00000000c322d3a8,0x00000000c3280000)
 Metaspace       used 43502K, capacity 45488K, committed 45696K, reserved 1087488K
  class space    used 6030K, capacity 6767K, committed 6784K, reserved 1048576K
}
Event: 39.147 GC heap before
{Heap before GC invocations=17 (full 3):
 PSYoungGen      total 328192K, used 5422K [0x00000000eab00000, 0x0000000100000000, 0x0000000100000000)
  eden space 306176K, 0% used [0x00000000eab00000,0x00000000eab00000,0x00000000fd600000)
  from space 22016K, 24% used [0x00000000fea80000,0x00000000fefcbad0,0x0000000100000000)
  to   space 20992K, 0% used [0x00000000fd600000,0x00000000fd600000,0x00000000fea80000)
 ParOldGen       total 51712K, used 51380K [0x00000000c0000000, 0x00000000c3280000, 0x00000000eab00000)
  object space 51712K, 99% used [0x00000000c0000000,0x00000000c322d3a8,0x00000000c3280000)
 Metaspace       used 43502K, capacity 45488K, committed 45696K, reserved 1087488K
  class space    used 6030K, capacity 6767K, committed 6784K, reserved 1048576K
Event: 39.877 GC heap after
Heap after GC invocations=17 (full 3):
 PSYoungGen      total 328192K, used 0K [0x00000000eab00000, 0x0000000100000000, 0x0000000100000000)
  eden space 306176K, 0% used [0x00000000eab00000,0x00000000eab00000,0x00000000fd600000)
  from space 22016K, 0% used [0x00000000fea80000,0x00000000fea80000,0x0000000100000000)
  to   space 20992K, 0% used [0x00000000fd600000,0x00000000fd600000,0x00000000fea80000)
 ParOldGen       total 51712K, used 46831K [0x00000000c0000000, 0x00000000c3280000, 0x00000000eab00000)
  object space 51712K, 90% used [0x00000000c0000000,0x00000000c2dbbd40,0x00000000c3280000)
 Metaspace       used 43502K, capacity 45488K, committed 45696K, reserved 1087488K
  class space    used 6030K, capacity 6767K, committed 6784K, reserved 1048576K
}
Event: 174.798 GC heap before
{Heap before GC invocations=18 (full 4):
 PSYoungGen      total 328192K, used 306176K [0x00000000eab00000, 0x0000000100000000, 0x0000000100000000)
  eden space 306176K, 100% used [0x00000000eab00000,0x00000000fd600000,0x00000000fd600000)
  from space 22016K, 0% used [0x00000000fea80000,0x00000000fea80000,0x0000000100000000)
  to   space 20992K, 0% used [0x00000000fd600000,0x00000000fd600000,0x00000000fea80000)
 ParOldGen       total 51712K, used 46831K [0x00000000c0000000, 0x00000000c3280000, 0x00000000eab00000)
  object space 51712K, 90% used [0x00000000c0000000,0x00000000c2dbbd40,0x00000000c3280000)
 Metaspace       used 46618K, capacity 49514K, committed 49664K, reserved 1091584K
  class space    used 6444K, capacity 7379K, committed 7424K, reserved 1048576K
Event: 180.977 GC heap after
Heap after GC invocations=18 (full 4):
 PSYoungGen      total 328192K, used 5713K [0x00000000eab00000, 0x0000000100000000, 0x0000000100000000)
  eden space 306176K, 1% used [0x00000000eab00000,0x00000000eb094718,0x00000000fd600000)
  from space 22016K, 0% used [0x00000000fea80000,0x00000000fea80000,0x0000000100000000)
  to   space 20992K, 0% used [0x00000000fd600000,0x00000000fd600000,0x00000000fea80000)
 ParOldGen       total 90112K, used 51602K [0x00000000c0000000, 0x00000000c5800000, 0x00000000eab00000)
  object space 90112K, 57% used [0x00000000c0000000,0x00000000c3264868,0x00000000c5800000)
 Metaspace       used 46618K, capacity 49514K, committed 49664K, reserved 1091584K
  class space    used 6444K, capacity 7379K, committed 7424K, reserved 1048576K
}

